生成启动时间为 2018/3/27 9:00:31。
     1>项目“E:\Local Repositories\NiuKe\opencv3_FeatCompare\opencv3_FeatCompare\opencv3_FeatCompare.vcxproj”在节点 2 上(Rebuild 个目标)。
     1>ClCompile:
         D:\program\vs\VC\bin\CL.exe /c /ZI /nologo /W3 /WX- /sdl /Od /Oy- /D _CRT_SECURE_NO_WARNINGS /D _MBCS /Gm /EHsc /RTC1 /MDd /GS /fp:precise /Zc:wchar_t /Zc:forScope /Fo"Debug\\" /Fd"Debug\vc120.pdb" /Gd /TP /analyze- /errorReport:prompt AlgorithmEstimation.cpp CollectedStatistics.cpp FeatureAlgorithm.cpp ImageTransformation.cpp main.cpp
         main.cpp
     1>d:\program\opencv3\opencv-extra\opencv+contrib\install\include\opencv2\core\mat.hpp(2586): warning C4819: 该文件包含不能在当前代码页(936)中表示的字符。请将该文件保存为 Unicode 格式以防止数据丢失
     1>d:\program\opencv3\opencv-extra\opencv+contrib\install\include\opencv2\core\persistence.hpp : warning C4819: 该文件包含不能在当前代码页(936)中表示的字符。请将该文件保存为 Unicode 格式以防止数据丢失
     1>d:\program\opencv3\opencv-extra\opencv+contrib\install\include\opencv2\core\utility.hpp : warning C4819: 该文件包含不能在当前代码页(936)中表示的字符。请将该文件保存为 Unicode 格式以防止数据丢失
     1>d:\program\opencv3\opencv-extra\opencv+contrib\install\include\opencv2\imgproc.hpp(592): warning C4819: 该文件包含不能在当前代码页(936)中表示的字符。请将该文件保存为 Unicode 格式以防止数据丢失
         ImageTransformation.cpp
     1>d:\program\opencv3\opencv-extra\opencv+contrib\install\include\opencv2\core\mat.hpp(2586): warning C4819: 该文件包含不能在当前代码页(936)中表示的字符。请将该文件保存为 Unicode 格式以防止数据丢失
     1>d:\program\opencv3\opencv-extra\opencv+contrib\install\include\opencv2\core\persistence.hpp : warning C4819: 该文件包含不能在当前代码页(936)中表示的字符。请将该文件保存为 Unicode 格式以防止数据丢失
     1>d:\program\opencv3\opencv-extra\opencv+contrib\install\include\opencv2\core\utility.hpp : warning C4819: 该文件包含不能在当前代码页(936)中表示的字符。请将该文件保存为 Unicode 格式以防止数据丢失
     1>d:\program\opencv3\opencv-extra\opencv+contrib\install\include\opencv2\imgproc.hpp(592): warning C4819: 该文件包含不能在当前代码页(936)中表示的字符。请将该文件保存为 Unicode 格式以防止数据丢失
     1>e:\local repositories\niuke\opencv3_featcompare\opencv3_featcompare\imagetransformation.cpp(114): warning C4068: 未知的杂注
     1>e:\local repositories\niuke\opencv3_featcompare\opencv3_featcompare\imagetransformation.cpp(151): warning C4068: 未知的杂注
     1>e:\local repositories\niuke\opencv3_featcompare\opencv3_featcompare\imagetransformation.cpp(182): warning C4068: 未知的杂注
     1>e:\local repositories\niuke\opencv3_featcompare\opencv3_featcompare\imagetransformation.cpp(203): warning C4068: 未知的杂注
     1>e:\local repositories\niuke\opencv3_featcompare\opencv3_featcompare\imagetransformation.cpp(225): warning C4068: 未知的杂注
     1>e:\local repositories\niuke\opencv3_featcompare\opencv3_featcompare\imagetransformation.cpp(245): warning C4244: “参数”: 从“int”转换到“const float”，可能丢失数据
     1>e:\local repositories\niuke\opencv3_featcompare\opencv3_featcompare\imagetransformation.cpp(262): warning C4244: “参数”: 从“int”转换到“const float”，可能丢失数据
     1>e:\local repositories\niuke\opencv3_featcompare\opencv3_featcompare\imagetransformation.cpp(273): warning C4244: “参数”: 从“int”转换到“const float”，可能丢失数据
     1>e:\local repositories\niuke\opencv3_featcompare\opencv3_featcompare\imagetransformation.cpp(291): warning C4244: “参数”: 从“int”转换到“const float”，可能丢失数据
     1>e:\local repositories\niuke\opencv3_featcompare\opencv3_featcompare\imagetransformation.cpp(302): warning C4244: “参数”: 从“int”转换到“const float”，可能丢失数据
     1>e:\local repositories\niuke\opencv3_featcompare\opencv3_featcompare\imagetransformation.cpp(359): warning C4068: 未知的杂注
     1>e:\local repositories\niuke\opencv3_featcompare\opencv3_featcompare\imagetransformation.cpp(368): warning C4244: “参数”: 从“int”转换到“const float”，可能丢失数据
         FeatureAlgorithm.cpp
     1>d:\program\opencv3\opencv-extra\opencv+contrib\install\include\opencv2\core\mat.hpp(2586): warning C4819: 该文件包含不能在当前代码页(936)中表示的字符。请将该文件保存为 Unicode 格式以防止数据丢失
     1>d:\program\opencv3\opencv-extra\opencv+contrib\install\include\opencv2\core\persistence.hpp : warning C4819: 该文件包含不能在当前代码页(936)中表示的字符。请将该文件保存为 Unicode 格式以防止数据丢失
     1>d:\program\opencv3\opencv-extra\opencv+contrib\install\include\opencv2\core\utility.hpp : warning C4819: 该文件包含不能在当前代码页(936)中表示的字符。请将该文件保存为 Unicode 格式以防止数据丢失
     1>d:\program\opencv3\opencv-extra\opencv+contrib\install\include\opencv2\imgproc.hpp(592): warning C4819: 该文件包含不能在当前代码页(936)中表示的字符。请将该文件保存为 Unicode 格式以防止数据丢失
         CollectedStatistics.cpp
     1>d:\program\opencv3\opencv-extra\opencv+contrib\install\include\opencv2\core\mat.hpp(2586): warning C4819: 该文件包含不能在当前代码页(936)中表示的字符。请将该文件保存为 Unicode 格式以防止数据丢失
     1>d:\program\opencv3\opencv-extra\opencv+contrib\install\include\opencv2\core\persistence.hpp : warning C4819: 该文件包含不能在当前代码页(936)中表示的字符。请将该文件保存为 Unicode 格式以防止数据丢失
     1>d:\program\opencv3\opencv-extra\opencv+contrib\install\include\opencv2\core\utility.hpp : warning C4819: 该文件包含不能在当前代码页(936)中表示的字符。请将该文件保存为 Unicode 格式以防止数据丢失
     1>d:\program\opencv3\opencv-extra\opencv+contrib\install\include\opencv2\imgproc.hpp(592): warning C4819: 该文件包含不能在当前代码页(936)中表示的字符。请将该文件保存为 Unicode 格式以防止数据丢失
     1>e:\local repositories\niuke\opencv3_featcompare\opencv3_featcompare\collectedstatistics.cpp(52): warning C4244: “=”: 从“const int”转换到“float”，可能丢失数据
     1>e:\local repositories\niuke\opencv3_featcompare\opencv3_featcompare\collectedstatistics.cpp(161): warning C4018: “<”: 有符号/无符号不匹配
     1>d:\program\vs\vc\include\xtree(816): warning C4503: “std::_Tree<std::_Tmap_traits<_Kty,_Ty,_Pr,_Alloc,false>>::_Insert_hint”: 超出修饰名的长度，名称被截断
                 with
                 [
                     _Kty=std::string
         ,            _Ty=CollectedStatistics::InnerGroup
         ,            _Pr=std::less<std::string>
         ,            _Alloc=std::allocator<std::pair<const std::string,CollectedStatistics::InnerGroup>>
                 ]
         AlgorithmEstimation.cpp
     1>d:\program\opencv3\opencv-extra\opencv+contrib\install\include\opencv2\core\mat.hpp(2586): warning C4819: 该文件包含不能在当前代码页(936)中表示的字符。请将该文件保存为 Unicode 格式以防止数据丢失
     1>d:\program\opencv3\opencv-extra\opencv+contrib\install\include\opencv2\core\persistence.hpp : warning C4819: 该文件包含不能在当前代码页(936)中表示的字符。请将该文件保存为 Unicode 格式以防止数据丢失
     1>d:\program\opencv3\opencv-extra\opencv+contrib\install\include\opencv2\core\utility.hpp : warning C4819: 该文件包含不能在当前代码页(936)中表示的字符。请将该文件保存为 Unicode 格式以防止数据丢失
     1>d:\program\opencv3\opencv-extra\opencv+contrib\install\include\opencv2\imgproc.hpp(592): warning C4819: 该文件包含不能在当前代码页(936)中表示的字符。请将该文件保存为 Unicode 格式以防止数据丢失
     1>e:\local repositories\niuke\opencv3_featcompare\opencv3_featcompare\algorithmestimation.cpp(129): warning C4018: “<”: 有符号/无符号不匹配
     1>e:\local repositories\niuke\opencv3_featcompare\opencv3_featcompare\algorithmestimation.cpp(140): warning C4018: “<”: 有符号/无符号不匹配
     1>e:\local repositories\niuke\opencv3_featcompare\opencv3_featcompare\algorithmestimation.cpp(159): warning C4244: “=”: 从“const double”转换到“float”，可能丢失数据
     1>e:\local repositories\niuke\opencv3_featcompare\opencv3_featcompare\algorithmestimation.cpp(210): warning C4244: “初始化”: 从“double”转换到“float”，可能丢失数据
         正在生成代码...
     1>e:\local repositories\niuke\opencv3_featcompare\opencv3_featcompare\featurealgorithm.cpp(19): warning C4715: “indexParamsForDescriptorType”: 不是所有的控件路径都返回值
       Link:
         D:\program\vs\VC\bin\link.exe /ERRORREPORT:PROMPT /OUT:"E:\Local Repositories\NiuKe\opencv3_FeatCompare\Debug\opencv3_FeatCompare.exe" /INCREMENTAL /NOLOGO opencv_aruco320d.lib opencv_bgsegm320d.lib opencv_bioinspired320d.lib opencv_calib3d320d.lib opencv_ccalib320d.lib opencv_core320d.lib opencv_datasets320d.lib opencv_dnn320d.lib opencv_dpm320d.lib opencv_face320d.lib opencv_features2d320d.lib opencv_flann320d.lib opencv_fuzzy320d.lib opencv_highgui320d.lib opencv_imgcodecs320d.lib opencv_imgproc320d.lib opencv_line_descriptor320d.lib opencv_ml320d.lib opencv_objdetect320d.lib opencv_optflow320d.lib opencv_phase_unwrapping320d.lib opencv_photo320d.lib opencv_plot320d.lib opencv_reg320d.lib opencv_rgbd320d.lib opencv_saliency320d.lib opencv_shape320d.lib opencv_stereo320d.lib opencv_stitching320d.lib opencv_structured_light320d.lib opencv_superres320d.lib opencv_surface_matching320d.lib opencv_text320d.lib opencv_tracking320d.lib opencv_video320d.lib opencv_videoio320d.lib opencv_videostab320d.lib opencv_xfeatures2d320d.lib opencv_ximgproc320d.lib opencv_xobjdetect320d.lib kernel32.lib user32.lib gdi32.lib winspool.lib comdlg32.lib advapi32.lib shell32.lib ole32.lib oleaut32.lib uuid.lib odbc32.lib odbccp32.lib /MANIFEST /MANIFESTUAC:"level='asInvoker' uiAccess='false'" /manifest:embed /DEBUG /PDB:"E:\Local Repositories\NiuKe\opencv3_FeatCompare\Debug\opencv3_FeatCompare.pdb" /TLBID:1 /DYNAMICBASE /NXCOMPAT /IMPLIB:"E:\Local Repositories\NiuKe\opencv3_FeatCompare\Debug\opencv3_FeatCompare.lib" /MACHINE:X86 Debug\AlgorithmEstimation.obj
         Debug\CollectedStatistics.obj
         Debug\FeatureAlgorithm.obj
         Debug\ImageTransformation.obj
         Debug\main.obj
         opencv3_FeatCompare.vcxproj -> E:\Local Repositories\NiuKe\opencv3_FeatCompare\Debug\opencv3_FeatCompare.exe
     1>已完成生成项目“E:\Local Repositories\NiuKe\opencv3_FeatCompare\opencv3_FeatCompare\opencv3_FeatCompare.vcxproj”(Rebuild 个目标)的操作。

生成成功。

已用时间 00:00:13.98
